<?xml version="1.0" encoding="utf-8" standalone="no"?>
<!--This file represents the results of running a test suite-->
<test-results name="C:\Users\anolan3\Documents\iSensor-FX3-Test\Test\bin\Debug\iSensor-FX3-Test.dll" total="14" errors="0" failures="14" not-run="0" inconclusive="0" ignored="0" skipped="0" invalid="0" date="2020-05-15" time="14:33:20">
  <environment nunit-version="2.6.4.14350" clr-version="2.0.50727.9043" os-version="Microsoft Windows NT 6.2.9200.0" platform="Win32NT" cwd="C:\Users\anolan3\Documents\iSensor-FX3-Test" machine-name="ANOLAN3-L02" user="anolan3" user-domain="ANALOG" />
  <culture-info current-culture="en-US" current-uiculture="en-US" />
  <test-suite type="Assembly" name="C:\Users\anolan3\Documents\iSensor-FX3-Test\Test\bin\Debug\iSensor-FX3-Test.dll" executed="True" result="Failure" success="False" time="34.473" asserts="0">
    <results>
      <test-suite type="Namespace" name="iSensor_FX3_Test" executed="True" result="Failure" success="False" time="34.466" asserts="0">
        <results>
          <test-suite type="TestFixture" name="FunctionalTests" executed="True" result="Error" success="False" time="9.413" asserts="1">
            <failure>
              <message><![CDATA[SetUp : FX3Api.FX3Exception : ERROR: FX3 Api version 2.7.0-PUB requires matching firmware version. Supplied firmware file is version 2.8.0-PUB]]></message>
              <stack-trace><![CDATA[at FX3Api.FX3Connection.Connect(String FX3SerialNumber) in C:\Users\anolan3\Documents\iSensor-FX3-Test\iSensor-FX3-API\FX3Programming.vb:line 182
at iSensor_FX3_Test.FX3TestBase.Connect() in C:\Users\anolan3\Documents\iSensor-FX3-Test\Test\FX3TestBase.cs:line 48
at iSensor_FX3_Test.FX3TestBase.Connect() in C:\Users\anolan3\Documents\iSensor-FX3-Test\Test\FX3TestBase.cs:line 53
at iSensor_FX3_Test.FX3TestBase.TestFixtureSetup() in C:\Users\anolan3\Documents\iSensor-FX3-Test\Test\FX3TestBase.cs:line 27
]]></stack-trace>
            </failure>
            <results>
              <test-case name="iSensor_FX3_Test.FunctionalTests.BootStatusTest" executed="True" result="Failure" success="False" time="0.000" asserts="0">
                <failure>
                  <message><![CDATA[TestFixtureSetUp failed in FunctionalTests]]></message>
                  <stack-trace />
                </failure>
              </test-case>
              <test-case name="iSensor_FX3_Test.FunctionalTests.FirmwareLoadTest" executed="True" result="Failure" success="False" time="0.000" asserts="0">
                <failure>
                  <message><![CDATA[TestFixtureSetUp failed in FunctionalTests]]></message>
                  <stack-trace />
                </failure>
              </test-case>
              <test-case name="iSensor_FX3_Test.FunctionalTests.FirmwareVersionTest" executed="True" result="Failure" success="False" time="0.000" asserts="0">
                <failure>
                  <message><![CDATA[TestFixtureSetUp failed in FunctionalTests]]></message>
                  <stack-trace />
                </failure>
              </test-case>
              <test-case name="iSensor_FX3_Test.FunctionalTests.ImagePathsTest" executed="True" result="Failure" success="False" time="0.000" asserts="0">
                <failure>
                  <message><![CDATA[TestFixtureSetUp failed in FunctionalTests]]></message>
                  <stack-trace />
                </failure>
              </test-case>
            </results>
          </test-suite>
          <test-suite type="TestFixture" name="I2CTests" executed="True" result="Error" success="False" time="8.469" asserts="1">
            <failure>
              <message><![CDATA[SetUp : FX3Api.FX3Exception : ERROR: FX3 Api version 2.7.0-PUB requires matching firmware version. Supplied firmware file is version 2.8.0-PUB]]></message>
              <stack-trace><![CDATA[at FX3Api.FX3Connection.Connect(String FX3SerialNumber) in C:\Users\anolan3\Documents\iSensor-FX3-Test\iSensor-FX3-API\FX3Programming.vb:line 182
at iSensor_FX3_Test.FX3TestBase.Connect() in C:\Users\anolan3\Documents\iSensor-FX3-Test\Test\FX3TestBase.cs:line 48
at iSensor_FX3_Test.FX3TestBase.Connect() in C:\Users\anolan3\Documents\iSensor-FX3-Test\Test\FX3TestBase.cs:line 53
at iSensor_FX3_Test.FX3TestBase.TestFixtureSetup() in C:\Users\anolan3\Documents\iSensor-FX3-Test\Test\FX3TestBase.cs:line 27
]]></stack-trace>
            </failure>
            <results>
              <test-case name="iSensor_FX3_Test.I2CTests.I2CModeSwitchingTest" executed="True" result="Failure" success="False" time="0.000" asserts="0">
                <failure>
                  <message><![CDATA[TestFixtureSetUp failed in I2CTests]]></message>
                  <stack-trace />
                </failure>
              </test-case>
              <test-case name="iSensor_FX3_Test.I2CTests.I2CReadTest" executed="True" result="Failure" success="False" time="0.000" asserts="0">
                <failure>
                  <message><![CDATA[TestFixtureSetUp failed in I2CTests]]></message>
                  <stack-trace />
                </failure>
              </test-case>
              <test-case name="iSensor_FX3_Test.I2CTests.I2CStreamTest" executed="True" result="Failure" success="False" time="0.000" asserts="0">
                <failure>
                  <message><![CDATA[TestFixtureSetUp failed in I2CTests]]></message>
                  <stack-trace />
                </failure>
              </test-case>
              <test-case name="iSensor_FX3_Test.I2CTests.I2CWriteTest" executed="True" result="Failure" success="False" time="0.000" asserts="0">
                <failure>
                  <message><![CDATA[TestFixtureSetUp failed in I2CTests]]></message>
                  <stack-trace />
                </failure>
              </test-case>
            </results>
          </test-suite>
          <test-suite type="TestFixture" name="PinTests" executed="True" result="Error" success="False" time="8.373" asserts="1">
            <failure>
              <message><![CDATA[SetUp : FX3Api.FX3Exception : ERROR: FX3 Api version 2.7.0-PUB requires matching firmware version. Supplied firmware file is version 2.8.0-PUB]]></message>
              <stack-trace><![CDATA[at FX3Api.FX3Connection.Connect(String FX3SerialNumber) in C:\Users\anolan3\Documents\iSensor-FX3-Test\iSensor-FX3-API\FX3Programming.vb:line 182
at iSensor_FX3_Test.FX3TestBase.Connect() in C:\Users\anolan3\Documents\iSensor-FX3-Test\Test\FX3TestBase.cs:line 48
at iSensor_FX3_Test.FX3TestBase.Connect() in C:\Users\anolan3\Documents\iSensor-FX3-Test\Test\FX3TestBase.cs:line 53
at iSensor_FX3_Test.FX3TestBase.TestFixtureSetup() in C:\Users\anolan3\Documents\iSensor-FX3-Test\Test\FX3TestBase.cs:line 27
]]></stack-trace>
            </failure>
            <results>
              <test-case name="iSensor_FX3_Test.PinTests.PinFreqMeasurePWMTest" executed="True" result="Failure" success="False" time="0.000" asserts="0">
                <failure>
                  <message><![CDATA[TestFixtureSetUp failed in PinTests]]></message>
                  <stack-trace />
                </failure>
              </test-case>
              <test-case name="iSensor_FX3_Test.PinTests.PinFreqMeasureTimeoutTest" executed="True" result="Failure" success="False" time="0.000" asserts="0">
                <failure>
                  <message><![CDATA[TestFixtureSetUp failed in PinTests]]></message>
                  <stack-trace />
                </failure>
              </test-case>
              <test-case name="iSensor_FX3_Test.PinTests.ResistorConfigurationTest" executed="True" result="Failure" success="False" time="0.000" asserts="0">
                <failure>
                  <message><![CDATA[TestFixtureSetUp failed in PinTests]]></message>
                  <stack-trace />
                </failure>
              </test-case>
              <test-case name="iSensor_FX3_Test.PinTests.SetReadPinTest" executed="True" result="Failure" success="False" time="0.000" asserts="0">
                <failure>
                  <message><![CDATA[TestFixtureSetUp failed in PinTests]]></message>
                  <stack-trace />
                </failure>
              </test-case>
            </results>
          </test-suite>
          <test-suite type="TestFixture" name="SpiTests" executed="True" result="Error" success="False" time="8.205" asserts="1">
            <failure>
              <message><![CDATA[SetUp : FX3Api.FX3Exception : ERROR: FX3 Api version 2.7.0-PUB requires matching firmware version. Supplied firmware file is version 2.8.0-PUB]]></message>
              <stack-trace><![CDATA[at FX3Api.FX3Connection.Connect(String FX3SerialNumber) in C:\Users\anolan3\Documents\iSensor-FX3-Test\iSensor-FX3-API\FX3Programming.vb:line 182
at iSensor_FX3_Test.FX3TestBase.Connect() in C:\Users\anolan3\Documents\iSensor-FX3-Test\Test\FX3TestBase.cs:line 48
at iSensor_FX3_Test.FX3TestBase.Connect() in C:\Users\anolan3\Documents\iSensor-FX3-Test\Test\FX3TestBase.cs:line 53
at iSensor_FX3_Test.FX3TestBase.TestFixtureSetup() in C:\Users\anolan3\Documents\iSensor-FX3-Test\Test\FX3TestBase.cs:line 27
]]></stack-trace>
            </failure>
            <results>
              <test-case name="iSensor_FX3_Test.SpiTests.SpiParametersTest" executed="True" result="Failure" success="False" time="0.000" asserts="0">
                <failure>
                  <message><![CDATA[TestFixtureSetUp failed in SpiTests]]></message>
                  <stack-trace />
                </failure>
              </test-case>
              <test-case name="iSensor_FX3_Test.SpiTests.SpiTransferTest" executed="True" result="Failure" success="False" time="0.000" asserts="0">
                <failure>
                  <message><![CDATA[TestFixtureSetUp failed in SpiTests]]></message>
                  <stack-trace />
                </failure>
              </test-case>
            </results>
          </test-suite>
        </results>
      </test-suite>
    </results>
  </test-suite>
</test-results>