<?xml version="1.0" encoding="utf-8" standalone="no"?>
<!--This file represents the results of running a test suite-->
<test-results name="C:\Users\User\Desktop\iSensor-FX3-Test\Test\bin\Debug\iSensor-FX3-Test.dll" total="22" errors="1" failures="16" not-run="0" inconclusive="0" ignored="0" skipped="0" invalid="0" date="2020-05-20" time="14:14:00">
  <environment nunit-version="2.6.4.14350" clr-version="2.0.50727.9044" os-version="Microsoft Windows NT 6.2.9200.0" platform="Win32NT" cwd="C:\Users\User\Desktop\iSensor-FX3-Test" machine-name="DESKTOP-IG61384" user="User" user-domain="DESKTOP-IG61384" />
  <culture-info current-culture="en-US" current-uiculture="en-US" />
  <test-suite type="Assembly" name="C:\Users\User\Desktop\iSensor-FX3-Test\Test\bin\Debug\iSensor-FX3-Test.dll" executed="True" result="Failure" success="False" time="346.790" asserts="0">
    <results>
      <test-suite type="Namespace" name="iSensor_FX3_Test" executed="True" result="Failure" success="False" time="346.784" asserts="0">
        <results>
          <test-suite type="TestFixture" name="FunctionalTests" executed="True" result="Failure" success="False" time="246.808" asserts="1">
            <results>
              <test-case name="iSensor_FX3_Test.FunctionalTests.BoardInfoTest" executed="True" result="Success" success="True" time="25.904" asserts="300" />
              <test-case name="iSensor_FX3_Test.FunctionalTests.BootStatusTest" executed="True" result="Success" success="True" time="23.048" asserts="3" />
              <test-case name="iSensor_FX3_Test.FunctionalTests.FirmwareLoadTest" executed="True" result="Error" success="False" time="92.253" asserts="8">
                <failure>
                  <message><![CDATA[FX3Api.FX3ProgrammingException : ERROR: No application firmware found with the correct serial number]]></message>
                  <stack-trace><![CDATA[at FX3Api.FX3Connection.Connect(String FX3SerialNumber) in C:\Users\User\Desktop\iSensor-FX3-Test\iSensor-FX3-API\FX3Programming.vb:line 113
at iSensor_FX3_Test.FunctionalTests.FirmwareLoadTest() in C:\Users\User\Desktop\iSensor-FX3-Test\Test\FunctionalTests.cs:line 68
]]></stack-trace>
                </failure>
              </test-case>
              <test-case name="iSensor_FX3_Test.FunctionalTests.FirmwareVersionTest" executed="True" result="Success" success="True" time="39.207" asserts="0" />
              <test-case name="iSensor_FX3_Test.FunctionalTests.ImagePathsTest" executed="True" result="Success" success="True" time="0.006" asserts="6" />
              <test-case name="iSensor_FX3_Test.FunctionalTests.USBTimingTest" executed="True" result="Success" success="True" time="45.012" asserts="0" />
            </results>
          </test-suite>
          <test-suite type="TestFixture" name="I2CTests" executed="True" result="Error" success="False" time="23.255" asserts="1">
            <failure>
              <message><![CDATA[SetUp : FX3Api.FX3ProgrammingException : ERROR: No application firmware found with the correct serial number]]></message>
              <stack-trace><![CDATA[at FX3Api.FX3Connection.Connect(String FX3SerialNumber) in C:\Users\User\Desktop\iSensor-FX3-Test\iSensor-FX3-API\FX3Programming.vb:line 113
at iSensor_FX3_Test.FX3TestBase.Connect() in C:\Users\User\Desktop\iSensor-FX3-Test\Test\FX3TestBase.cs:line 50
at iSensor_FX3_Test.FX3TestBase.TestFixtureSetup() in C:\Users\User\Desktop\iSensor-FX3-Test\Test\FX3TestBase.cs:line 29
]]></stack-trace>
            </failure>
            <results>
              <test-case name="iSensor_FX3_Test.I2CTests.I2CBitRateTest" executed="True" result="Failure" success="False" time="0.000" asserts="0">
                <failure>
                  <message><![CDATA[TestFixtureSetUp failed in I2CTests]]></message>
                  <stack-trace />
                </failure>
              </test-case>
              <test-case name="iSensor_FX3_Test.I2CTests.I2CModeSwitchingTest" executed="True" result="Failure" success="False" time="0.000" asserts="0">
                <failure>
                  <message><![CDATA[TestFixtureSetUp failed in I2CTests]]></message>
                  <stack-trace />
                </failure>
              </test-case>
              <test-case name="iSensor_FX3_Test.I2CTests.I2CReadTest" executed="True" result="Failure" success="False" time="0.000" asserts="0">
                <failure>
                  <message><![CDATA[TestFixtureSetUp failed in I2CTests]]></message>
                  <stack-trace />
                </failure>
              </test-case>
              <test-case name="iSensor_FX3_Test.I2CTests.I2CRetryTest" executed="True" result="Failure" success="False" time="0.000" asserts="0">
                <failure>
                  <message><![CDATA[TestFixtureSetUp failed in I2CTests]]></message>
                  <stack-trace />
                </failure>
              </test-case>
              <test-case name="iSensor_FX3_Test.I2CTests.I2CStreamTest" executed="True" result="Failure" success="False" time="0.000" asserts="0">
                <failure>
                  <message><![CDATA[TestFixtureSetUp failed in I2CTests]]></message>
                  <stack-trace />
                </failure>
              </test-case>
              <test-case name="iSensor_FX3_Test.I2CTests.I2CWriteTest" executed="True" result="Failure" success="False" time="0.000" asserts="0">
                <failure>
                  <message><![CDATA[TestFixtureSetUp failed in I2CTests]]></message>
                  <stack-trace />
                </failure>
              </test-case>
            </results>
          </test-suite>
          <test-suite type="TestFixture" name="PinTests" executed="True" result="Error" success="False" time="38.378" asserts="1">
            <failure>
              <message><![CDATA[SetUp : FX3Api.FX3ProgrammingException : ERROR: No application firmware found with the correct serial number]]></message>
              <stack-trace><![CDATA[at FX3Api.FX3Connection.Connect(String FX3SerialNumber) in C:\Users\User\Desktop\iSensor-FX3-Test\iSensor-FX3-API\FX3Programming.vb:line 113
at iSensor_FX3_Test.FX3TestBase.Connect() in C:\Users\User\Desktop\iSensor-FX3-Test\Test\FX3TestBase.cs:line 50
at iSensor_FX3_Test.FX3TestBase.Connect() in C:\Users\User\Desktop\iSensor-FX3-Test\Test\FX3TestBase.cs:line 55
at iSensor_FX3_Test.FX3TestBase.TestFixtureSetup() in C:\Users\User\Desktop\iSensor-FX3-Test\Test\FX3TestBase.cs:line 29
]]></stack-trace>
            </failure>
            <results>
              <test-case name="iSensor_FX3_Test.PinTests.GetTimerValueTest" executed="True" result="Failure" success="False" time="0.000" asserts="0">
                <failure>
                  <message><![CDATA[TestFixtureSetUp failed in PinTests]]></message>
                  <stack-trace />
                </failure>
              </test-case>
              <test-case name="iSensor_FX3_Test.PinTests.MeasureBusyPulseTest" executed="True" result="Failure" success="False" time="0.000" asserts="0">
                <failure>
                  <message><![CDATA[TestFixtureSetUp failed in PinTests]]></message>
                  <stack-trace />
                </failure>
              </test-case>
              <test-case name="iSensor_FX3_Test.PinTests.PinFreqMeasurePWMTest" executed="True" result="Failure" success="False" time="0.000" asserts="0">
                <failure>
                  <message><![CDATA[TestFixtureSetUp failed in PinTests]]></message>
                  <stack-trace />
                </failure>
              </test-case>
              <test-case name="iSensor_FX3_Test.PinTests.PinFunctionTimeoutTest" executed="True" result="Failure" success="False" time="0.000" asserts="0">
                <failure>
                  <message><![CDATA[TestFixtureSetUp failed in PinTests]]></message>
                  <stack-trace />
                </failure>
              </test-case>
              <test-case name="iSensor_FX3_Test.PinTests.ResistorConfigurationTest" executed="True" result="Failure" success="False" time="0.000" asserts="0">
                <failure>
                  <message><![CDATA[TestFixtureSetUp failed in PinTests]]></message>
                  <stack-trace />
                </failure>
              </test-case>
              <test-case name="iSensor_FX3_Test.PinTests.SetReadPinTest" executed="True" result="Failure" success="False" time="0.000" asserts="0">
                <failure>
                  <message><![CDATA[TestFixtureSetUp failed in PinTests]]></message>
                  <stack-trace />
                </failure>
              </test-case>
            </results>
          </test-suite>
          <test-suite type="TestFixture" name="SpiTests" executed="True" result="Error" success="False" time="38.336" asserts="1">
            <failure>
              <message><![CDATA[SetUp : FX3Api.FX3ProgrammingException : ERROR: No application firmware found with the correct serial number]]></message>
              <stack-trace><![CDATA[at FX3Api.FX3Connection.Connect(String FX3SerialNumber) in C:\Users\User\Desktop\iSensor-FX3-Test\iSensor-FX3-API\FX3Programming.vb:line 113
at iSensor_FX3_Test.FX3TestBase.Connect() in C:\Users\User\Desktop\iSensor-FX3-Test\Test\FX3TestBase.cs:line 50
at iSensor_FX3_Test.FX3TestBase.Connect() in C:\Users\User\Desktop\iSensor-FX3-Test\Test\FX3TestBase.cs:line 55
at iSensor_FX3_Test.FX3TestBase.TestFixtureSetup() in C:\Users\User\Desktop\iSensor-FX3-Test\Test\FX3TestBase.cs:line 29
]]></stack-trace>
            </failure>
            <results>
              <test-case name="iSensor_FX3_Test.SpiTests.IRegInterfaceTest" executed="True" result="Failure" success="False" time="0.000" asserts="0">
                <failure>
                  <message><![CDATA[TestFixtureSetUp failed in SpiTests]]></message>
                  <stack-trace />
                </failure>
              </test-case>
              <test-case name="iSensor_FX3_Test.SpiTests.SclkFrequencyTest" executed="True" result="Failure" success="False" time="0.000" asserts="0">
                <failure>
                  <message><![CDATA[TestFixtureSetUp failed in SpiTests]]></message>
                  <stack-trace />
                </failure>
              </test-case>
              <test-case name="iSensor_FX3_Test.SpiTests.SpiParametersTest" executed="True" result="Failure" success="False" time="0.000" asserts="0">
                <failure>
                  <message><![CDATA[TestFixtureSetUp failed in SpiTests]]></message>
                  <stack-trace />
                </failure>
              </test-case>
              <test-case name="iSensor_FX3_Test.SpiTests.SpiTransferTest" executed="True" result="Failure" success="False" time="0.000" asserts="0">
                <failure>
                  <message><![CDATA[TestFixtureSetUp failed in SpiTests]]></message>
                  <stack-trace />
                </failure>
              </test-case>
            </results>
          </test-suite>
        </results>
      </test-suite>
    </results>
  </test-suite>
</test-results>