<?xml version="1.0" encoding="utf-8" standalone="no"?>
<!--This file represents the results of running a test suite-->
<test-results name="C:\Users\jchong\Documents\iSensor-FX3-Test\Test\bin\Debug\iSensor-FX3-Test.dll" total="46" errors="0" failures="46" not-run="0" inconclusive="0" ignored="0" skipped="0" invalid="0" date="2021-01-30" time="22:00:35">
  <environment nunit-version="2.6.4.14350" clr-version="2.0.50727.9035" os-version="Microsoft Windows NT 6.2.9200.0" platform="Win32NT" cwd="C:\Users\jchong\Documents\iSensor-FX3-Test" machine-name="ADGBO-LAB177-L0" user="jchong" user-domain="ANALOG" />
  <culture-info current-culture="en-US" current-uiculture="en-US" />
  <test-suite type="Assembly" name="C:\Users\jchong\Documents\iSensor-FX3-Test\Test\bin\Debug\iSensor-FX3-Test.dll" executed="True" result="Failure" success="False" time="27.027" asserts="0">
    <results>
      <test-suite type="Namespace" name="iSensor_FX3_Test" executed="True" result="Failure" success="False" time="27.016" asserts="0">
        <results>
          <test-suite type="TestFixture" name="ErrorLogTests" executed="True" result="Failure" success="False" time="6.891" asserts="2">
            <failure>
              <message><![CDATA[  ERROR: No FX3 board connected!
  Expected: True
  But was:  False
]]></message>
              <stack-trace><![CDATA[at iSensor_FX3_Test.FX3TestBase.Connect() in C:\Users\jchong\Documents\iSensor-FX3-Test\Test\FX3TestBase.cs:line 61
at iSensor_FX3_Test.FX3TestBase.TestFixtureSetup() in C:\Users\jchong\Documents\iSensor-FX3-Test\Test\FX3TestBase.cs:line 30
]]></stack-trace>
            </failure>
            <results>
              <test-case name="iSensor_FX3_Test.ErrorLogTests.ErrorLogClearTest" executed="True" result="Failure" success="False" time="0.000" asserts="0">
                <failure>
                  <message><![CDATA[TestFixtureSetUp failed in ErrorLogTests]]></message>
                  <stack-trace />
                </failure>
              </test-case>
              <test-case name="iSensor_FX3_Test.ErrorLogTests.ErrorLogContentsTest" executed="True" result="Failure" success="False" time="0.000" asserts="0">
                <failure>
                  <message><![CDATA[TestFixtureSetUp failed in ErrorLogTests]]></message>
                  <stack-trace />
                </failure>
              </test-case>
              <test-case name="iSensor_FX3_Test.ErrorLogTests.ErrorLogCountTest" executed="True" result="Failure" success="False" time="0.000" asserts="0">
                <failure>
                  <message><![CDATA[TestFixtureSetUp failed in ErrorLogTests]]></message>
                  <stack-trace />
                </failure>
              </test-case>
              <test-case name="iSensor_FX3_Test.ErrorLogTests.ErrorLogRobustnessTest" executed="True" result="Failure" success="False" time="0.000" asserts="0">
                <failure>
                  <message><![CDATA[TestFixtureSetUp failed in ErrorLogTests]]></message>
                  <stack-trace />
                </failure>
              </test-case>
            </results>
          </test-suite>
          <test-suite type="TestFixture" name="FunctionalTests" executed="True" result="Failure" success="False" time="5.032" asserts="2">
            <failure>
              <message><![CDATA[  ERROR: No FX3 board connected!
  Expected: True
  But was:  False
]]></message>
              <stack-trace><![CDATA[at iSensor_FX3_Test.FX3TestBase.Connect() in C:\Users\jchong\Documents\iSensor-FX3-Test\Test\FX3TestBase.cs:line 61
at iSensor_FX3_Test.FX3TestBase.TestFixtureSetup() in C:\Users\jchong\Documents\iSensor-FX3-Test\Test\FX3TestBase.cs:line 30
]]></stack-trace>
            </failure>
            <results>
              <test-case name="iSensor_FX3_Test.FunctionalTests.BoardDetectionTest" executed="True" result="Failure" success="False" time="0.000" asserts="0">
                <failure>
                  <message><![CDATA[TestFixtureSetUp failed in FunctionalTests]]></message>
                  <stack-trace />
                </failure>
              </test-case>
              <test-case name="iSensor_FX3_Test.FunctionalTests.BoardInfoTest" executed="True" result="Failure" success="False" time="0.000" asserts="0">
                <failure>
                  <message><![CDATA[TestFixtureSetUp failed in FunctionalTests]]></message>
                  <stack-trace />
                </failure>
              </test-case>
              <test-case name="iSensor_FX3_Test.FunctionalTests.BootStatusTest" executed="True" result="Failure" success="False" time="0.000" asserts="0">
                <failure>
                  <message><![CDATA[TestFixtureSetUp failed in FunctionalTests]]></message>
                  <stack-trace />
                </failure>
              </test-case>
              <test-case name="iSensor_FX3_Test.FunctionalTests.CompileDateTest" executed="True" result="Failure" success="False" time="0.000" asserts="0">
                <failure>
                  <message><![CDATA[TestFixtureSetUp failed in FunctionalTests]]></message>
                  <stack-trace />
                </failure>
              </test-case>
              <test-case name="iSensor_FX3_Test.FunctionalTests.DutSupplyModeTest" executed="True" result="Failure" success="False" time="0.000" asserts="0">
                <failure>
                  <message><![CDATA[TestFixtureSetUp failed in FunctionalTests]]></message>
                  <stack-trace />
                </failure>
              </test-case>
              <test-case name="iSensor_FX3_Test.FunctionalTests.FirmwareLoadTest" executed="True" result="Failure" success="False" time="0.000" asserts="0">
                <failure>
                  <message><![CDATA[TestFixtureSetUp failed in FunctionalTests]]></message>
                  <stack-trace />
                </failure>
              </test-case>
              <test-case name="iSensor_FX3_Test.FunctionalTests.FirmwareVersionTest" executed="True" result="Failure" success="False" time="0.000" asserts="0">
                <failure>
                  <message><![CDATA[TestFixtureSetUp failed in FunctionalTests]]></message>
                  <stack-trace />
                </failure>
              </test-case>
              <test-case name="iSensor_FX3_Test.FunctionalTests.ImagePathsTest" executed="True" result="Failure" success="False" time="0.000" asserts="0">
                <failure>
                  <message><![CDATA[TestFixtureSetUp failed in FunctionalTests]]></message>
                  <stack-trace />
                </failure>
              </test-case>
              <test-case name="iSensor_FX3_Test.FunctionalTests.SerialNumberTest" executed="True" result="Failure" success="False" time="0.000" asserts="0">
                <failure>
                  <message><![CDATA[TestFixtureSetUp failed in FunctionalTests]]></message>
                  <stack-trace />
                </failure>
              </test-case>
              <test-case name="iSensor_FX3_Test.FunctionalTests.USBTimingTest" executed="True" result="Failure" success="False" time="0.000" asserts="0">
                <failure>
                  <message><![CDATA[TestFixtureSetUp failed in FunctionalTests]]></message>
                  <stack-trace />
                </failure>
              </test-case>
            </results>
          </test-suite>
          <test-suite type="TestFixture" name="I2CTests" executed="True" result="Failure" success="False" time="5.023" asserts="2">
            <failure>
              <message><![CDATA[  ERROR: No FX3 board connected!
  Expected: True
  But was:  False
]]></message>
              <stack-trace><![CDATA[at iSensor_FX3_Test.FX3TestBase.Connect() in C:\Users\jchong\Documents\iSensor-FX3-Test\Test\FX3TestBase.cs:line 61
at iSensor_FX3_Test.FX3TestBase.TestFixtureSetup() in C:\Users\jchong\Documents\iSensor-FX3-Test\Test\FX3TestBase.cs:line 30
]]></stack-trace>
            </failure>
            <results>
              <test-case name="iSensor_FX3_Test.I2CTests.I2CBitRateTest" executed="True" result="Failure" success="False" time="0.000" asserts="0">
                <failure>
                  <message><![CDATA[TestFixtureSetUp failed in I2CTests]]></message>
                  <stack-trace />
                </failure>
              </test-case>
              <test-case name="iSensor_FX3_Test.I2CTests.I2CModeSwitchingTest" executed="True" result="Failure" success="False" time="0.000" asserts="0">
                <failure>
                  <message><![CDATA[TestFixtureSetUp failed in I2CTests]]></message>
                  <stack-trace />
                </failure>
              </test-case>
              <test-case name="iSensor_FX3_Test.I2CTests.I2CReadTest" executed="True" result="Failure" success="False" time="0.000" asserts="0">
                <failure>
                  <message><![CDATA[TestFixtureSetUp failed in I2CTests]]></message>
                  <stack-trace />
                </failure>
              </test-case>
              <test-case name="iSensor_FX3_Test.I2CTests.I2CRetryTest" executed="True" result="Failure" success="False" time="0.000" asserts="0">
                <failure>
                  <message><![CDATA[TestFixtureSetUp failed in I2CTests]]></message>
                  <stack-trace />
                </failure>
              </test-case>
              <test-case name="iSensor_FX3_Test.I2CTests.I2CStreamCancelTest" executed="True" result="Failure" success="False" time="0.000" asserts="0">
                <failure>
                  <message><![CDATA[TestFixtureSetUp failed in I2CTests]]></message>
                  <stack-trace />
                </failure>
              </test-case>
              <test-case name="iSensor_FX3_Test.I2CTests.I2CStreamTest" executed="True" result="Failure" success="False" time="0.000" asserts="0">
                <failure>
                  <message><![CDATA[TestFixtureSetUp failed in I2CTests]]></message>
                  <stack-trace />
                </failure>
              </test-case>
              <test-case name="iSensor_FX3_Test.I2CTests.I2CWriteTest" executed="True" result="Failure" success="False" time="0.000" asserts="0">
                <failure>
                  <message><![CDATA[TestFixtureSetUp failed in I2CTests]]></message>
                  <stack-trace />
                </failure>
              </test-case>
            </results>
          </test-suite>
          <test-suite type="TestFixture" name="PinTests" executed="True" result="Failure" success="False" time="5.037" asserts="2">
            <failure>
              <message><![CDATA[  ERROR: No FX3 board connected!
  Expected: True
  But was:  False
]]></message>
              <stack-trace><![CDATA[at iSensor_FX3_Test.FX3TestBase.Connect() in C:\Users\jchong\Documents\iSensor-FX3-Test\Test\FX3TestBase.cs:line 61
at iSensor_FX3_Test.FX3TestBase.TestFixtureSetup() in C:\Users\jchong\Documents\iSensor-FX3-Test\Test\FX3TestBase.cs:line 30
]]></stack-trace>
            </failure>
            <results>
              <test-case name="iSensor_FX3_Test.PinTests.DrPinTest" executed="True" result="Failure" success="False" time="0.000" asserts="0">
                <failure>
                  <message><![CDATA[TestFixtureSetUp failed in PinTests]]></message>
                  <stack-trace />
                </failure>
              </test-case>
              <test-case name="iSensor_FX3_Test.PinTests.GetTimerValueTest" executed="True" result="Failure" success="False" time="0.000" asserts="0">
                <failure>
                  <message><![CDATA[TestFixtureSetUp failed in PinTests]]></message>
                  <stack-trace />
                </failure>
              </test-case>
              <test-case name="iSensor_FX3_Test.PinTests.LoopPinTest" executed="True" result="Failure" success="False" time="0.000" asserts="0">
                <failure>
                  <message><![CDATA[TestFixtureSetUp failed in PinTests]]></message>
                  <stack-trace />
                </failure>
              </test-case>
              <test-case name="iSensor_FX3_Test.PinTests.MeasureBusyPulseTest" executed="True" result="Failure" success="False" time="0.000" asserts="0">
                <failure>
                  <message><![CDATA[TestFixtureSetUp failed in PinTests]]></message>
                  <stack-trace />
                </failure>
              </test-case>
              <test-case name="iSensor_FX3_Test.PinTests.PinFreqMeasureTest" executed="True" result="Failure" success="False" time="0.000" asserts="0">
                <failure>
                  <message><![CDATA[TestFixtureSetUp failed in PinTests]]></message>
                  <stack-trace />
                </failure>
              </test-case>
              <test-case name="iSensor_FX3_Test.PinTests.PinFunctionTimeoutTest" executed="True" result="Failure" success="False" time="0.000" asserts="0">
                <failure>
                  <message><![CDATA[TestFixtureSetUp failed in PinTests]]></message>
                  <stack-trace />
                </failure>
              </test-case>
              <test-case name="iSensor_FX3_Test.PinTests.PWMGenerationTest" executed="True" result="Failure" success="False" time="0.000" asserts="0">
                <failure>
                  <message><![CDATA[TestFixtureSetUp failed in PinTests]]></message>
                  <stack-trace />
                </failure>
              </test-case>
              <test-case name="iSensor_FX3_Test.PinTests.PWMPinInfoTest" executed="True" result="Failure" success="False" time="0.000" asserts="0">
                <failure>
                  <message><![CDATA[TestFixtureSetUp failed in PinTests]]></message>
                  <stack-trace />
                </failure>
              </test-case>
              <test-case name="iSensor_FX3_Test.PinTests.ResistorConfigurationTest" executed="True" result="Failure" success="False" time="0.000" asserts="0">
                <failure>
                  <message><![CDATA[TestFixtureSetUp failed in PinTests]]></message>
                  <stack-trace />
                </failure>
              </test-case>
              <test-case name="iSensor_FX3_Test.PinTests.SetReadPinTest" executed="True" result="Failure" success="False" time="0.000" asserts="0">
                <failure>
                  <message><![CDATA[TestFixtureSetUp failed in PinTests]]></message>
                  <stack-trace />
                </failure>
              </test-case>
            </results>
          </test-suite>
          <test-suite type="TestFixture" name="SpiTests" executed="True" result="Failure" success="False" time="5.027" asserts="2">
            <failure>
              <message><![CDATA[  ERROR: No FX3 board connected!
  Expected: True
  But was:  False
]]></message>
              <stack-trace><![CDATA[at iSensor_FX3_Test.FX3TestBase.Connect() in C:\Users\jchong\Documents\iSensor-FX3-Test\Test\FX3TestBase.cs:line 61
at iSensor_FX3_Test.FX3TestBase.TestFixtureSetup() in C:\Users\jchong\Documents\iSensor-FX3-Test\Test\FX3TestBase.cs:line 30
]]></stack-trace>
            </failure>
            <results>
              <test-case name="iSensor_FX3_Test.SpiTests.ADcmXLRealTimeStreamTest" executed="True" result="Failure" success="False" time="0.000" asserts="0">
                <failure>
                  <message><![CDATA[TestFixtureSetUp failed in SpiTests]]></message>
                  <stack-trace />
                </failure>
              </test-case>
              <test-case name="iSensor_FX3_Test.SpiTests.ADcmXLStreamCancelTest" executed="True" result="Failure" success="False" time="0.000" asserts="0">
                <failure>
                  <message><![CDATA[TestFixtureSetUp failed in SpiTests]]></message>
                  <stack-trace />
                </failure>
              </test-case>
              <test-case name="iSensor_FX3_Test.SpiTests.BitBangSpiFreqTest" executed="True" result="Failure" success="False" time="0.000" asserts="0">
                <failure>
                  <message><![CDATA[TestFixtureSetUp failed in SpiTests]]></message>
                  <stack-trace />
                </failure>
              </test-case>
              <test-case name="iSensor_FX3_Test.SpiTests.BitBangSpiModeTest" executed="True" result="Failure" success="False" time="0.000" asserts="0">
                <failure>
                  <message><![CDATA[TestFixtureSetUp failed in SpiTests]]></message>
                  <stack-trace />
                </failure>
              </test-case>
              <test-case name="iSensor_FX3_Test.SpiTests.BitBangSpiStallTimeTest" executed="True" result="Failure" success="False" time="0.000" asserts="0">
                <failure>
                  <message><![CDATA[TestFixtureSetUp failed in SpiTests]]></message>
                  <stack-trace />
                </failure>
              </test-case>
              <test-case name="iSensor_FX3_Test.SpiTests.BitBangSpiTest" executed="True" result="Failure" success="False" time="0.000" asserts="0">
                <failure>
                  <message><![CDATA[TestFixtureSetUp failed in SpiTests]]></message>
                  <stack-trace />
                </failure>
              </test-case>
              <test-case name="iSensor_FX3_Test.SpiTests.BurstSpiTest" executed="True" result="Failure" success="False" time="0.000" asserts="0">
                <failure>
                  <message><![CDATA[TestFixtureSetUp failed in SpiTests]]></message>
                  <stack-trace />
                </failure>
              </test-case>
              <test-case name="iSensor_FX3_Test.SpiTests.BurstStreamCancelTest" executed="True" result="Failure" success="False" time="0.000" asserts="0">
                <failure>
                  <message><![CDATA[TestFixtureSetUp failed in SpiTests]]></message>
                  <stack-trace />
                </failure>
              </test-case>
              <test-case name="iSensor_FX3_Test.SpiTests.GenericStreamCancelTest" executed="True" result="Failure" success="False" time="0.000" asserts="0">
                <failure>
                  <message><![CDATA[TestFixtureSetUp failed in SpiTests]]></message>
                  <stack-trace />
                </failure>
              </test-case>
              <test-case name="iSensor_FX3_Test.SpiTests.IRegInterfaceTest" executed="True" result="Failure" success="False" time="0.000" asserts="0">
                <failure>
                  <message><![CDATA[TestFixtureSetUp failed in SpiTests]]></message>
                  <stack-trace />
                </failure>
              </test-case>
              <test-case name="iSensor_FX3_Test.SpiTests.SclkFrequencyTest" executed="True" result="Failure" success="False" time="0.000" asserts="0">
                <failure>
                  <message><![CDATA[TestFixtureSetUp failed in SpiTests]]></message>
                  <stack-trace />
                </failure>
              </test-case>
              <test-case name="iSensor_FX3_Test.SpiTests.SpiParametersTest" executed="True" result="Failure" success="False" time="0.000" asserts="0">
                <failure>
                  <message><![CDATA[TestFixtureSetUp failed in SpiTests]]></message>
                  <stack-trace />
                </failure>
              </test-case>
              <test-case name="iSensor_FX3_Test.SpiTests.SpiStallTimeTest" executed="True" result="Failure" success="False" time="0.000" asserts="0">
                <failure>
                  <message><![CDATA[TestFixtureSetUp failed in SpiTests]]></message>
                  <stack-trace />
                </failure>
              </test-case>
              <test-case name="iSensor_FX3_Test.SpiTests.SpiTransferTest" executed="True" result="Failure" success="False" time="0.000" asserts="0">
                <failure>
                  <message><![CDATA[TestFixtureSetUp failed in SpiTests]]></message>
                  <stack-trace />
                </failure>
              </test-case>
              <test-case name="iSensor_FX3_Test.SpiTests.TransferStreamCancelTest" executed="True" result="Failure" success="False" time="0.000" asserts="0">
                <failure>
                  <message><![CDATA[TestFixtureSetUp failed in SpiTests]]></message>
                  <stack-trace />
                </failure>
              </test-case>
            </results>
          </test-suite>
        </results>
      </test-suite>
    </results>
  </test-suite>
</test-results>