<?xml version="1.0" encoding="utf-8" standalone="no"?>
<!--This file represents the results of running a test suite-->
<test-results name="C:\Users\User\Desktop\iSensor-FX3-Test\Test\bin\Debug\iSensor-FX3-Test.dll" total="31" errors="0" failures="0" not-run="0" inconclusive="0" ignored="0" skipped="0" invalid="0" date="2020-06-07" time="01:07:00">
  <environment nunit-version="2.6.4.14350" clr-version="2.0.50727.9044" os-version="Microsoft Windows NT 6.2.9200.0" platform="Win32NT" cwd="C:\Users\User\Desktop\iSensor-FX3-Test" machine-name="DESKTOP-IG61384" user="User" user-domain="DESKTOP-IG61384" />
  <culture-info current-culture="en-US" current-uiculture="en-US" />
  <test-suite type="Assembly" name="C:\Users\User\Desktop\iSensor-FX3-Test\Test\bin\Debug\iSensor-FX3-Test.dll" executed="True" result="Success" success="True" time="412.754" asserts="0">
    <results>
      <test-suite type="Namespace" name="iSensor_FX3_Test" executed="True" result="Success" success="True" time="412.733" asserts="0">
        <results>
          <test-suite type="TestFixture" name="ErrorLogTests" executed="True" result="Success" success="True" time="53.622" asserts="1">
            <results>
              <test-case name="iSensor_FX3_Test.ErrorLogTests.ErrorLogContentsTest" executed="True" result="Success" success="True" time="19.483" asserts="1109" />
              <test-case name="iSensor_FX3_Test.ErrorLogTests.ErrorLogCountTest" executed="True" result="Success" success="True" time="8.213" asserts="8" />
              <test-case name="iSensor_FX3_Test.ErrorLogTests.ErrorLogRobustnessTest" executed="True" result="Success" success="True" time="20.740" asserts="509" />
            </results>
          </test-suite>
          <test-suite type="TestFixture" name="FunctionalTests" executed="True" result="Success" success="True" time="59.430" asserts="1">
            <results>
              <test-case name="iSensor_FX3_Test.FunctionalTests.BoardInfoTest" executed="True" result="Success" success="True" time="9.152" asserts="199" />
              <test-case name="iSensor_FX3_Test.FunctionalTests.BootStatusTest" executed="True" result="Success" success="True" time="6.136" asserts="3" />
              <test-case name="iSensor_FX3_Test.FunctionalTests.FirmwareLoadTest" executed="True" result="Success" success="True" time="25.867" asserts="10" />
              <test-case name="iSensor_FX3_Test.FunctionalTests.FirmwareVersionTest" executed="True" result="Success" success="True" time="6.148" asserts="1" />
              <test-case name="iSensor_FX3_Test.FunctionalTests.ImagePathsTest" executed="True" result="Success" success="True" time="0.010" asserts="9" />
              <test-case name="iSensor_FX3_Test.FunctionalTests.USBTimingTest" executed="True" result="Success" success="True" time="5.846" asserts="0" />
            </results>
          </test-suite>
          <test-suite type="TestFixture" name="I2CTests" executed="True" result="Success" success="True" time="8.046" asserts="1">
            <results>
              <test-case name="iSensor_FX3_Test.I2CTests.I2CBitRateTest" executed="True" result="Success" success="True" time="0.389" asserts="10255" />
              <test-case name="iSensor_FX3_Test.I2CTests.I2CModeSwitchingTest" executed="True" result="Success" success="True" time="0.007" asserts="0" />
              <test-case name="iSensor_FX3_Test.I2CTests.I2CReadTest" executed="True" result="Success" success="True" time="0.405" asserts="16256" />
              <test-case name="iSensor_FX3_Test.I2CTests.I2CRetryTest" executed="True" result="Success" success="True" time="0.014" asserts="2" />
              <test-case name="iSensor_FX3_Test.I2CTests.I2CStreamTest" executed="True" result="Success" success="True" time="0.007" asserts="0" />
              <test-case name="iSensor_FX3_Test.I2CTests.I2CWriteTest" executed="True" result="Success" success="True" time="0.007" asserts="0" />
            </results>
          </test-suite>
          <test-suite type="TestFixture" name="PinTests" executed="True" result="Success" success="True" time="184.500" asserts="1">
            <results>
              <test-case name="iSensor_FX3_Test.PinTests.GetTimerValueTest" executed="True" result="Success" success="True" time="8.054" asserts="47" />
              <test-case name="iSensor_FX3_Test.PinTests.MeasureBusyPulseTest" executed="True" result="Success" success="True" time="24.251" asserts="4096" />
              <test-case name="iSensor_FX3_Test.PinTests.PinFreqMeasureTest" executed="True" result="Success" success="True" time="84.858" asserts="794" />
              <test-case name="iSensor_FX3_Test.PinTests.PinFunctionTimeoutTest" executed="True" result="Success" success="True" time="14.459" asserts="112" />
              <test-case name="iSensor_FX3_Test.PinTests.PWMGenerationTest" executed="True" result="Success" success="True" time="44.591" asserts="4032" />
              <test-case name="iSensor_FX3_Test.PinTests.PWMPinInfoTest" executed="True" result="Success" success="True" time="0.107" asserts="508" />
              <test-case name="iSensor_FX3_Test.PinTests.ResistorConfigurationTest" executed="True" result="Success" success="True" time="0.807" asserts="160" />
              <test-case name="iSensor_FX3_Test.PinTests.SetReadPinTest" executed="True" result="Success" success="True" time="0.321" asserts="400" />
            </results>
          </test-suite>
          <test-suite type="TestFixture" name="SpiTests" executed="True" result="Success" success="True" time="107.126" asserts="1">
            <results>
              <test-case name="iSensor_FX3_Test.SpiTests.BitBangSpiStallTimeTest" executed="True" result="Success" success="True" time="12.715" asserts="46" />
              <test-case name="iSensor_FX3_Test.SpiTests.BitBangSpiTest" executed="True" result="Success" success="True" time="0.307" asserts="4290" />
              <test-case name="iSensor_FX3_Test.SpiTests.BurstSpiTest" executed="True" result="Success" success="True" time="55.541" asserts="237798" />
              <test-case name="iSensor_FX3_Test.SpiTests.IRegInterfaceTest" executed="True" result="Success" success="True" time="0.008" asserts="0" />
              <test-case name="iSensor_FX3_Test.SpiTests.SclkFrequencyTest" executed="True" result="Success" success="True" time="2.351" asserts="5973" />
              <test-case name="iSensor_FX3_Test.SpiTests.SpiParametersTest" executed="True" result="Success" success="True" time="0.031" asserts="57" />
              <test-case name="iSensor_FX3_Test.SpiTests.SpiStallTimeTest" executed="True" result="Success" success="True" time="25.897" asserts="88" />
              <test-case name="iSensor_FX3_Test.SpiTests.SpiTransferTest" executed="True" result="Success" success="True" time="2.696" asserts="92238" />
            </results>
          </test-suite>
        </results>
      </test-suite>
    </results>
  </test-suite>
</test-results>