<?xml version="1.0" encoding="utf-8" standalone="no"?>
<!--This file represents the results of running a test suite-->
<test-results name="C:\Users\anolan3\Documents\FX3\iSensor-FX3-Test\Test\bin\Debug\iSensor-FX3-Test.dll" total="47" errors="0" failures="0" not-run="0" inconclusive="0" ignored="0" skipped="0" invalid="0" date="2021-04-20" time="17:49:34">
  <environment nunit-version="2.6.4.14350" clr-version="2.0.50727.9044" os-version="Microsoft Windows NT 6.2.9200.0" platform="Win32NT" cwd="C:\Users\anolan3\Documents\FX3\iSensor-FX3-Test" machine-name="ANOLAN3-L01" user="anolan3" user-domain="ANALOG" />
  <culture-info current-culture="en-US" current-uiculture="en-US" />
  <test-suite type="Assembly" name="C:\Users\anolan3\Documents\FX3\iSensor-FX3-Test\Test\bin\Debug\iSensor-FX3-Test.dll" executed="True" result="Success" success="True" time="352.441" asserts="0">
    <results>
      <test-suite type="Namespace" name="iSensor_FX3_Test" executed="True" result="Success" success="True" time="352.437" asserts="0">
        <results>
          <test-suite type="TestFixture" name="ErrorLogTests" executed="True" result="Success" success="True" time="18.493" asserts="1">
            <results>
              <test-case name="iSensor_FX3_Test.ErrorLogTests.ErrorLogClearTest" executed="True" result="Success" success="True" time="2.930" asserts="4" />
              <test-case name="iSensor_FX3_Test.ErrorLogTests.ErrorLogContentsTest" executed="True" result="Success" success="True" time="3.299" asserts="20" />
              <test-case name="iSensor_FX3_Test.ErrorLogTests.ErrorLogCountTest" executed="True" result="Success" success="True" time="2.788" asserts="8" />
              <test-case name="iSensor_FX3_Test.ErrorLogTests.ErrorLogRobustnessTest" executed="True" result="Success" success="True" time="7.964" asserts="14" />
            </results>
          </test-suite>
          <test-suite type="TestFixture" name="FunctionalTests" executed="True" result="Success" success="True" time="33.485" asserts="1">
            <results>
              <test-case name="iSensor_FX3_Test.FunctionalTests.BoardDetectionTest" executed="True" result="Success" success="True" time="2.932" asserts="9" />
              <test-case name="iSensor_FX3_Test.FunctionalTests.BoardInfoTest" executed="True" result="Success" success="True" time="5.781" asserts="282" />
              <test-case name="iSensor_FX3_Test.FunctionalTests.BootStatusTest" executed="True" result="Success" success="True" time="2.755" asserts="5" />
              <test-case name="iSensor_FX3_Test.FunctionalTests.CompileDateTest" executed="True" result="Success" success="True" time="0.005" asserts="1" />
              <test-case name="iSensor_FX3_Test.FunctionalTests.DutSupplyModeTest" executed="True" result="Success" success="True" time="0.005" asserts="4" />
              <test-case name="iSensor_FX3_Test.FunctionalTests.FirmwareLoadTest" executed="True" result="Success" success="True" time="11.734" asserts="10" />
              <test-case name="iSensor_FX3_Test.FunctionalTests.FirmwareVersionTest" executed="True" result="Success" success="True" time="2.726" asserts="4" />
              <test-case name="iSensor_FX3_Test.FunctionalTests.ImagePathsTest" executed="True" result="Success" success="True" time="0.005" asserts="9" />
              <test-case name="iSensor_FX3_Test.FunctionalTests.SerialNumberTest" executed="True" result="Success" success="True" time="2.757" asserts="8" />
              <test-case name="iSensor_FX3_Test.FunctionalTests.USBTimingTest" executed="True" result="Success" success="True" time="2.188" asserts="0" />
            </results>
          </test-suite>
          <test-suite type="TestFixture" name="I2CTests" executed="True" result="Success" success="True" time="9.478" asserts="1">
            <results>
              <test-case name="iSensor_FX3_Test.I2CTests.I2CBitRateTest" executed="True" result="Success" success="True" time="0.376" asserts="10255" />
              <test-case name="iSensor_FX3_Test.I2CTests.I2CModeSwitchingTest" executed="True" result="Success" success="True" time="0.003" asserts="0" />
              <test-case name="iSensor_FX3_Test.I2CTests.I2CReadTest" executed="True" result="Success" success="True" time="0.368" asserts="16256" />
              <test-case name="iSensor_FX3_Test.I2CTests.I2CRetryTest" executed="True" result="Success" success="True" time="0.007" asserts="2" />
              <test-case name="iSensor_FX3_Test.I2CTests.I2CStreamCancelTest" executed="True" result="Success" success="True" time="1.708" asserts="650" />
              <test-case name="iSensor_FX3_Test.I2CTests.I2CStreamTest" executed="True" result="Success" success="True" time="3.241" asserts="320064" />
              <test-case name="iSensor_FX3_Test.I2CTests.I2CWriteTest" executed="True" result="Success" success="True" time="0.003" asserts="0" />
            </results>
          </test-suite>
          <test-suite type="TestFixture" name="PinTests" executed="True" result="Success" success="True" time="196.700" asserts="1">
            <results>
              <test-case name="iSensor_FX3_Test.PinTests.DrPinTest" executed="True" result="Success" success="True" time="0.005" asserts="8" />
              <test-case name="iSensor_FX3_Test.PinTests.GetTimerValueTest" executed="True" result="Success" success="True" time="8.044" asserts="51" />
              <test-case name="iSensor_FX3_Test.PinTests.LoopPinTest" executed="True" result="Success" success="True" time="17.180" asserts="39" />
              <test-case name="iSensor_FX3_Test.PinTests.MeasureBusyPulseTest" executed="True" result="Success" success="True" time="23.954" asserts="4096" />
              <test-case name="iSensor_FX3_Test.PinTests.PinFreqMeasureTest" executed="True" result="Success" success="True" time="84.719" asserts="794" />
              <test-case name="iSensor_FX3_Test.PinTests.PinFunctionTimeoutTest" executed="True" result="Success" success="True" time="14.442" asserts="112" />
              <test-case name="iSensor_FX3_Test.PinTests.PWMGenerationTest" executed="True" result="Success" success="True" time="43.947" asserts="4032" />
              <test-case name="iSensor_FX3_Test.PinTests.PWMPinInfoTest" executed="True" result="Success" success="True" time="0.045" asserts="518" />
              <test-case name="iSensor_FX3_Test.PinTests.ResistorConfigurationTest" executed="True" result="Success" success="True" time="1.702" asserts="160" />
              <test-case name="iSensor_FX3_Test.PinTests.SetReadPinTest" executed="True" result="Success" success="True" time="0.117" asserts="400" />
            </results>
          </test-suite>
          <test-suite type="TestFixture" name="SpiTests" executed="True" result="Success" success="True" time="94.276" asserts="1">
            <results>
              <test-case name="iSensor_FX3_Test.SpiTests.ADcmXLRealTimeStreamTest" executed="True" result="Success" success="True" time="12.755" asserts="18" />
              <test-case name="iSensor_FX3_Test.SpiTests.ADcmXLStreamCancelTest" executed="True" result="Success" success="True" time="1.250" asserts="24" />
              <test-case name="iSensor_FX3_Test.SpiTests.BitBangSpiFreqTest" executed="True" result="Success" success="True" time="4.256" asserts="34" />
              <test-case name="iSensor_FX3_Test.SpiTests.BitBangSpiModeTest" executed="True" result="Success" success="True" time="0.156" asserts="2304" />
              <test-case name="iSensor_FX3_Test.SpiTests.BitBangSpiStallTimeTest" executed="True" result="Success" success="True" time="9.089" asserts="46" />
              <test-case name="iSensor_FX3_Test.SpiTests.BitBangSpiTest" executed="True" result="Success" success="True" time="0.098" asserts="4290" />
              <test-case name="iSensor_FX3_Test.SpiTests.BurstSpiTest" executed="True" result="Success" success="True" time="23.717" asserts="237798" />
              <test-case name="iSensor_FX3_Test.SpiTests.BurstStreamCancelTest" executed="True" result="Success" success="True" time="1.754" asserts="30" />
              <test-case name="iSensor_FX3_Test.SpiTests.GenericStreamCancelTest" executed="True" result="Success" success="True" time="3.514" asserts="60" />
              <test-case name="iSensor_FX3_Test.SpiTests.IRegInterfaceTest" executed="True" result="Success" success="True" time="0.005" asserts="0" />
              <test-case name="iSensor_FX3_Test.SpiTests.SclkFrequencyTest" executed="True" result="Success" success="True" time="0.881" asserts="5973" />
              <test-case name="iSensor_FX3_Test.SpiTests.SpiParametersTest" executed="True" result="Success" success="True" time="0.012" asserts="57" />
              <test-case name="iSensor_FX3_Test.SpiTests.SpiStallTimeTest" executed="True" result="Success" success="True" time="23.544" asserts="88" />
              <test-case name="iSensor_FX3_Test.SpiTests.SpiTransferTest" executed="True" result="Success" success="True" time="5.023" asserts="92240" />
              <test-case name="iSensor_FX3_Test.SpiTests.TransferArrayWithWriteTest" executed="True" result="Success" success="True" time="2.258" asserts="168" />
              <test-case name="iSensor_FX3_Test.SpiTests.TransferStreamCancelTest" executed="True" result="Success" success="True" time="2.011" asserts="70169" />
            </results>
          </test-suite>
        </results>
      </test-suite>
    </results>
  </test-suite>
</test-results>