<?xml version="1.0" encoding="utf-8" standalone="no"?>
<!--This file represents the results of running a test suite-->
<test-results name="C:\Users\User\Desktop\iSensor-FX3-Test\Test\bin\Debug\iSensor-FX3-Test.dll" total="28" errors="1" failures="2" not-run="0" inconclusive="0" ignored="0" skipped="0" invalid="0" date="2020-05-26" time="16:03:44">
  <environment nunit-version="2.6.4.14350" clr-version="2.0.50727.9044" os-version="Microsoft Windows NT 6.2.9200.0" platform="Win32NT" cwd="C:\Users\User\Desktop\iSensor-FX3-Test" machine-name="DESKTOP-IG61384" user="User" user-domain="DESKTOP-IG61384" />
  <culture-info current-culture="en-US" current-uiculture="en-US" />
  <test-suite type="Assembly" name="C:\Users\User\Desktop\iSensor-FX3-Test\Test\bin\Debug\iSensor-FX3-Test.dll" executed="True" result="Failure" success="False" time="264.955" asserts="0">
    <results>
      <test-suite type="Namespace" name="iSensor_FX3_Test" executed="True" result="Failure" success="False" time="264.936" asserts="0">
        <results>
          <test-suite type="TestFixture" name="ErrorLogTests" executed="True" result="Success" success="True" time="35.029" asserts="1">
            <results>
              <test-case name="iSensor_FX3_Test.ErrorLogTests.ErrorLogContentsTest" executed="True" result="Success" success="True" time="8.249" asserts="174" />
              <test-case name="iSensor_FX3_Test.ErrorLogTests.ErrorLogCountTest" executed="True" result="Success" success="True" time="6.483" asserts="8" />
              <test-case name="iSensor_FX3_Test.ErrorLogTests.ErrorLogRobustnessTest" executed="True" result="Success" success="True" time="15.296" asserts="84" />
            </results>
          </test-suite>
          <test-suite type="TestFixture" name="FunctionalTests" executed="True" result="Success" success="True" time="58.679" asserts="1">
            <results>
              <test-case name="iSensor_FX3_Test.FunctionalTests.BoardInfoTest" executed="True" result="Success" success="True" time="9.377" asserts="199" />
              <test-case name="iSensor_FX3_Test.FunctionalTests.BootStatusTest" executed="True" result="Success" success="True" time="6.238" asserts="3" />
              <test-case name="iSensor_FX3_Test.FunctionalTests.FirmwareLoadTest" executed="True" result="Success" success="True" time="24.880" asserts="10" />
              <test-case name="iSensor_FX3_Test.FunctionalTests.FirmwareVersionTest" executed="True" result="Success" success="True" time="5.856" asserts="1" />
              <test-case name="iSensor_FX3_Test.FunctionalTests.ImagePathsTest" executed="True" result="Success" success="True" time="0.008" asserts="9" />
              <test-case name="iSensor_FX3_Test.FunctionalTests.USBTimingTest" executed="True" result="Success" success="True" time="5.894" asserts="0" />
            </results>
          </test-suite>
          <test-suite type="TestFixture" name="I2CTests" executed="True" result="Success" success="True" time="7.741" asserts="1">
            <results>
              <test-case name="iSensor_FX3_Test.I2CTests.I2CBitRateTest" executed="True" result="Success" success="True" time="0.387" asserts="10255" />
              <test-case name="iSensor_FX3_Test.I2CTests.I2CModeSwitchingTest" executed="True" result="Success" success="True" time="0.005" asserts="0" />
              <test-case name="iSensor_FX3_Test.I2CTests.I2CReadTest" executed="True" result="Success" success="True" time="0.408" asserts="16256" />
              <test-case name="iSensor_FX3_Test.I2CTests.I2CRetryTest" executed="True" result="Success" success="True" time="0.011" asserts="2" />
              <test-case name="iSensor_FX3_Test.I2CTests.I2CStreamTest" executed="True" result="Success" success="True" time="0.004" asserts="0" />
              <test-case name="iSensor_FX3_Test.I2CTests.I2CWriteTest" executed="True" result="Success" success="True" time="0.004" asserts="0" />
            </results>
          </test-suite>
          <test-suite type="TestFixture" name="PinTests" executed="True" result="Success" success="True" time="140.645" asserts="1">
            <results>
              <test-case name="iSensor_FX3_Test.PinTests.GetTimerValueTest" executed="True" result="Success" success="True" time="8.040" asserts="47" />
              <test-case name="iSensor_FX3_Test.PinTests.MeasureBusyPulseTest" executed="True" result="Success" success="True" time="24.272" asserts="4096" />
              <test-case name="iSensor_FX3_Test.PinTests.PinFreqMeasurePWMTest" executed="True" result="Success" success="True" time="84.842" asserts="794" />
              <test-case name="iSensor_FX3_Test.PinTests.PinFunctionTimeoutTest" executed="True" result="Success" success="True" time="14.465" asserts="112" />
              <test-case name="iSensor_FX3_Test.PinTests.ResistorConfigurationTest" executed="True" result="Success" success="True" time="0.795" asserts="160" />
              <test-case name="iSensor_FX3_Test.PinTests.SetReadPinTest" executed="True" result="Success" success="True" time="0.317" asserts="400" />
            </results>
          </test-suite>
          <test-suite type="TestFixture" name="SpiTests" executed="True" result="Failure" success="False" time="22.833" asserts="1">
            <results>
              <test-case name="iSensor_FX3_Test.SpiTests.BitBangSpiTest" executed="True" result="Failure" success="False" time="0.931" asserts="4289">
                <failure>
                  <message><![CDATA[  ERROR: Invalid transfer time
  Expected: 479.06399999999996d +/- 71.859599999999986d
  But was:  600.0d
]]></message>
                  <stack-trace><![CDATA[at iSensor_FX3_Test.SpiTests.BitBangSpiTest() in C:\Users\User\Desktop\iSensor-FX3-Test\Test\SpiTests.cs:line 99
]]></stack-trace>
                </failure>
              </test-case>
              <test-case name="iSensor_FX3_Test.SpiTests.BurstSpiTest" executed="True" result="Error" success="False" time="0.161" asserts="2">
                <failure>
                  <message><![CDATA[System.ArgumentNullException : Value cannot be null.
Parameter name: source]]></message>
                  <stack-trace><![CDATA[at System.Linq.Enumerable.Count[TSource](IEnumerable`1 source)
at iSensor_FX3_Test.SpiTests.BurstSpiTest() in C:\Users\User\Desktop\iSensor-FX3-Test\Test\SpiTests.cs:line 137
]]></stack-trace>
                </failure>
              </test-case>
              <test-case name="iSensor_FX3_Test.SpiTests.IRegInterfaceTest" executed="True" result="Success" success="True" time="0.102" asserts="0" />
              <test-case name="iSensor_FX3_Test.SpiTests.SclkFrequencyTest" executed="True" result="Success" success="True" time="3.592" asserts="598" />
              <test-case name="iSensor_FX3_Test.SpiTests.SpiParametersTest" executed="True" result="Success" success="True" time="0.303" asserts="39" />
              <test-case name="iSensor_FX3_Test.SpiTests.SpiStallTimeTest" executed="True" result="Success" success="True" time="0.102" asserts="0" />
              <test-case name="iSensor_FX3_Test.SpiTests.SpiTransferTest" executed="True" result="Failure" success="False" time="9.531" asserts="385">
                <failure>
                  <message><![CDATA[  ERROR: Invalid data size received
  Expected: 1
  But was:  0
]]></message>
                  <stack-trace><![CDATA[at iSensor_FX3_Test.SpiTests.SpiTransferTest() in C:\Users\User\Desktop\iSensor-FX3-Test\Test\SpiTests.cs:line 352
]]></stack-trace>
                </failure>
              </test-case>
            </results>
          </test-suite>
        </results>
      </test-suite>
    </results>
  </test-suite>
</test-results>