<?xml version="1.0" encoding="utf-8" standalone="no"?>
<!--This file represents the results of running a test suite-->
<test-results name="C:\Users\anolan3\Documents\FX3\iSensor-FX3-Test\Test\bin\Debug\iSensor-FX3-Test.dll" total="47" errors="0" failures="0" not-run="0" inconclusive="0" ignored="0" skipped="0" invalid="0" date="2021-08-16" time="10:43:27">
  <environment nunit-version="2.6.4.14350" clr-version="2.0.50727.9044" os-version="Microsoft Windows NT 6.2.9200.0" platform="Win32NT" cwd="C:\Users\anolan3\Documents\FX3\iSensor-FX3-Test" machine-name="ANOLAN3-L01" user="anolan3" user-domain="ANALOG" />
  <culture-info current-culture="en-US" current-uiculture="en-US" />
  <test-suite type="Assembly" name="C:\Users\anolan3\Documents\FX3\iSensor-FX3-Test\Test\bin\Debug\iSensor-FX3-Test.dll" executed="True" result="Success" success="True" time="347.455" asserts="0">
    <results>
      <test-suite type="Namespace" name="iSensor_FX3_Test" executed="True" result="Success" success="True" time="347.451" asserts="0">
        <results>
          <test-suite type="TestFixture" name="ErrorLogTests" executed="True" result="Success" success="True" time="20.872" asserts="1">
            <results>
              <test-case name="iSensor_FX3_Test.ErrorLogTests.ErrorLogClearTest" executed="True" result="Success" success="True" time="3.290" asserts="4" />
              <test-case name="iSensor_FX3_Test.ErrorLogTests.ErrorLogContentsTest" executed="True" result="Success" success="True" time="3.698" asserts="20" />
              <test-case name="iSensor_FX3_Test.ErrorLogTests.ErrorLogCountTest" executed="True" result="Success" success="True" time="3.288" asserts="8" />
              <test-case name="iSensor_FX3_Test.ErrorLogTests.ErrorLogRobustnessTest" executed="True" result="Success" success="True" time="8.929" asserts="14" />
            </results>
          </test-suite>
          <test-suite type="TestFixture" name="FunctionalTests" executed="True" result="Success" success="True" time="38.397" asserts="1">
            <results>
              <test-case name="iSensor_FX3_Test.FunctionalTests.BoardDetectionTest" executed="True" result="Success" success="True" time="3.418" asserts="9" />
              <test-case name="iSensor_FX3_Test.FunctionalTests.BoardInfoTest" executed="True" result="Success" success="True" time="6.104" asserts="284" />
              <test-case name="iSensor_FX3_Test.FunctionalTests.BootStatusTest" executed="True" result="Success" success="True" time="3.577" asserts="5" />
              <test-case name="iSensor_FX3_Test.FunctionalTests.CompileDateTest" executed="True" result="Success" success="True" time="0.005" asserts="1" />
              <test-case name="iSensor_FX3_Test.FunctionalTests.DutSupplyModeTest" executed="True" result="Success" success="True" time="0.005" asserts="4" />
              <test-case name="iSensor_FX3_Test.FunctionalTests.FirmwareLoadTest" executed="True" result="Success" success="True" time="13.645" asserts="10" />
              <test-case name="iSensor_FX3_Test.FunctionalTests.FirmwareVersionTest" executed="True" result="Success" success="True" time="3.336" asserts="4" />
              <test-case name="iSensor_FX3_Test.FunctionalTests.ImagePathsTest" executed="True" result="Success" success="True" time="0.005" asserts="9" />
              <test-case name="iSensor_FX3_Test.FunctionalTests.SerialNumberTest" executed="True" result="Success" success="True" time="3.281" asserts="8" />
              <test-case name="iSensor_FX3_Test.FunctionalTests.USBTimingTest" executed="True" result="Success" success="True" time="1.892" asserts="0" />
            </results>
          </test-suite>
          <test-suite type="TestFixture" name="I2CTests" executed="True" result="Success" success="True" time="9.129" asserts="1">
            <results>
              <test-case name="iSensor_FX3_Test.I2CTests.I2CBitRateTest" executed="True" result="Success" success="True" time="0.381" asserts="10255" />
              <test-case name="iSensor_FX3_Test.I2CTests.I2CModeSwitchingTest" executed="True" result="Success" success="True" time="0.004" asserts="0" />
              <test-case name="iSensor_FX3_Test.I2CTests.I2CReadTest" executed="True" result="Success" success="True" time="0.375" asserts="16256" />
              <test-case name="iSensor_FX3_Test.I2CTests.I2CRetryTest" executed="True" result="Success" success="True" time="0.006" asserts="2" />
              <test-case name="iSensor_FX3_Test.I2CTests.I2CStreamCancelTest" executed="True" result="Success" success="True" time="1.726" asserts="650" />
              <test-case name="iSensor_FX3_Test.I2CTests.I2CStreamTest" executed="True" result="Success" success="True" time="3.244" asserts="320064" />
              <test-case name="iSensor_FX3_Test.I2CTests.I2CWriteTest" executed="True" result="Success" success="True" time="0.004" asserts="0" />
            </results>
          </test-suite>
          <test-suite type="TestFixture" name="PinTests" executed="True" result="Success" success="True" time="180.360" asserts="1">
            <results>
              <test-case name="iSensor_FX3_Test.PinTests.DrPinTest" executed="True" result="Success" success="True" time="0.005" asserts="8" />
              <test-case name="iSensor_FX3_Test.PinTests.GetTimerValueTest" executed="True" result="Success" success="True" time="8.045" asserts="51" />
              <test-case name="iSensor_FX3_Test.PinTests.LoopPinTest" executed="True" result="Success" success="True" time="0.005" asserts="0" />
              <test-case name="iSensor_FX3_Test.PinTests.MeasureBusyPulseTest" executed="True" result="Success" success="True" time="24.063" asserts="4096" />
              <test-case name="iSensor_FX3_Test.PinTests.PinFreqMeasureTest" executed="True" result="Success" success="True" time="84.754" asserts="794" />
              <test-case name="iSensor_FX3_Test.PinTests.PinFunctionTimeoutTest" executed="True" result="Success" success="True" time="14.449" asserts="112" />
              <test-case name="iSensor_FX3_Test.PinTests.PWMGenerationTest" executed="True" result="Success" success="True" time="44.066" asserts="4032" />
              <test-case name="iSensor_FX3_Test.PinTests.PWMPinInfoTest" executed="True" result="Success" success="True" time="0.036" asserts="518" />
              <test-case name="iSensor_FX3_Test.PinTests.ResistorConfigurationTest" executed="True" result="Success" success="True" time="1.760" asserts="160" />
              <test-case name="iSensor_FX3_Test.PinTests.SetReadPinTest" executed="True" result="Success" success="True" time="0.115" asserts="400" />
            </results>
          </test-suite>
          <test-suite type="TestFixture" name="SpiTests" executed="True" result="Success" success="True" time="98.687" asserts="1">
            <results>
              <test-case name="iSensor_FX3_Test.SpiTests.ADcmXLRealTimeStreamTest" executed="True" result="Success" success="True" time="12.754" asserts="18" />
              <test-case name="iSensor_FX3_Test.SpiTests.ADcmXLStreamCancelTest" executed="True" result="Success" success="True" time="1.265" asserts="24" />
              <test-case name="iSensor_FX3_Test.SpiTests.BitBangSpiFreqTest" executed="True" result="Success" success="True" time="4.383" asserts="34" />
              <test-case name="iSensor_FX3_Test.SpiTests.BitBangSpiModeTest" executed="True" result="Success" success="True" time="0.171" asserts="2304" />
              <test-case name="iSensor_FX3_Test.SpiTests.BitBangSpiStallTimeTest" executed="True" result="Success" success="True" time="9.200" asserts="46" />
              <test-case name="iSensor_FX3_Test.SpiTests.BitBangSpiTest" executed="True" result="Success" success="True" time="0.111" asserts="4290" />
              <test-case name="iSensor_FX3_Test.SpiTests.BurstSpiTest" executed="True" result="Success" success="True" time="24.607" asserts="237798" />
              <test-case name="iSensor_FX3_Test.SpiTests.BurstStreamCancelTest" executed="True" result="Success" success="True" time="1.759" asserts="30" />
              <test-case name="iSensor_FX3_Test.SpiTests.GenericStreamCancelTest" executed="True" result="Success" success="True" time="3.505" asserts="60" />
              <test-case name="iSensor_FX3_Test.SpiTests.IRegInterfaceTest" executed="True" result="Success" success="True" time="4.131" asserts="1" />
              <test-case name="iSensor_FX3_Test.SpiTests.SclkFrequencyTest" executed="True" result="Success" success="True" time="0.870" asserts="5973" />
              <test-case name="iSensor_FX3_Test.SpiTests.SpiParametersTest" executed="True" result="Success" success="True" time="0.012" asserts="57" />
              <test-case name="iSensor_FX3_Test.SpiTests.SpiStallTimeTest" executed="True" result="Success" success="True" time="23.538" asserts="88" />
              <test-case name="iSensor_FX3_Test.SpiTests.SpiTransferTest" executed="True" result="Success" success="True" time="5.011" asserts="92240" />
              <test-case name="iSensor_FX3_Test.SpiTests.TransferArrayWithWriteTest" executed="True" result="Success" success="True" time="2.257" asserts="168" />
              <test-case name="iSensor_FX3_Test.SpiTests.TransferStreamCancelTest" executed="True" result="Success" success="True" time="2.004" asserts="70297" />
            </results>
          </test-suite>
        </results>
      </test-suite>
    </results>
  </test-suite>
</test-results>