<?xml version="1.0" encoding="utf-8" standalone="no"?>
<!--This file represents the results of running a test suite-->
<test-results name="C:\Users\User\Desktop\iSensor-FX3-Test\Test\bin\Debug\iSensor-FX3-Test.dll" total="43" errors="0" failures="0" not-run="0" inconclusive="0" ignored="0" skipped="0" invalid="0" date="2020-08-08" time="01:07:56">
  <environment nunit-version="2.6.4.14350" clr-version="2.0.50727.9044" os-version="Microsoft Windows NT 6.2.9200.0" platform="Win32NT" cwd="C:\Users\User\Desktop\iSensor-FX3-Test" machine-name="DESKTOP-IG61384" user="User" user-domain="DESKTOP-IG61384" />
  <culture-info current-culture="en-US" current-uiculture="en-US" />
  <test-suite type="Assembly" name="C:\Users\User\Desktop\iSensor-FX3-Test\Test\bin\Debug\iSensor-FX3-Test.dll" executed="True" result="Success" success="True" time="470.066" asserts="0">
    <results>
      <test-suite type="Namespace" name="iSensor_FX3_Test" executed="True" result="Success" success="True" time="470.059" asserts="0">
        <results>
          <test-suite type="TestFixture" name="ErrorLogTests" executed="True" result="Success" success="True" time="39.154" asserts="1">
            <results>
              <test-case name="iSensor_FX3_Test.ErrorLogTests.ErrorLogClearTest" executed="True" result="Success" success="True" time="5.975" asserts="4" />
              <test-case name="iSensor_FX3_Test.ErrorLogTests.ErrorLogContentsTest" executed="True" result="Success" success="True" time="6.628" asserts="20" />
              <test-case name="iSensor_FX3_Test.ErrorLogTests.ErrorLogCountTest" executed="True" result="Success" success="True" time="6.349" asserts="8" />
              <test-case name="iSensor_FX3_Test.ErrorLogTests.ErrorLogRobustnessTest" executed="True" result="Success" success="True" time="15.045" asserts="14" />
            </results>
          </test-suite>
          <test-suite type="TestFixture" name="FunctionalTests" executed="True" result="Success" success="True" time="76.525" asserts="1">
            <results>
              <test-case name="iSensor_FX3_Test.FunctionalTests.BoardDetectionTest" executed="True" result="Success" success="True" time="6.897" asserts="9" />
              <test-case name="iSensor_FX3_Test.FunctionalTests.BoardInfoTest" executed="True" result="Success" success="True" time="9.414" asserts="197" />
              <test-case name="iSensor_FX3_Test.FunctionalTests.BootStatusTest" executed="True" result="Success" success="True" time="7.247" asserts="5" />
              <test-case name="iSensor_FX3_Test.FunctionalTests.CompileDateTest" executed="True" result="Success" success="True" time="0.011" asserts="1" />
              <test-case name="iSensor_FX3_Test.FunctionalTests.DutSupplyModeTest" executed="True" result="Success" success="True" time="0.011" asserts="4" />
              <test-case name="iSensor_FX3_Test.FunctionalTests.FirmwareLoadTest" executed="True" result="Success" success="True" time="27.521" asserts="10" />
              <test-case name="iSensor_FX3_Test.FunctionalTests.FirmwareVersionTest" executed="True" result="Success" success="True" time="6.588" asserts="4" />
              <test-case name="iSensor_FX3_Test.FunctionalTests.ImagePathsTest" executed="True" result="Success" success="True" time="0.010" asserts="9" />
              <test-case name="iSensor_FX3_Test.FunctionalTests.SerialNumberTest" executed="True" result="Success" success="True" time="6.487" asserts="8" />
              <test-case name="iSensor_FX3_Test.FunctionalTests.USBTimingTest" executed="True" result="Success" success="True" time="5.914" asserts="0" />
            </results>
          </test-suite>
          <test-suite type="TestFixture" name="I2CTests" executed="True" result="Success" success="True" time="12.540" asserts="1">
            <results>
              <test-case name="iSensor_FX3_Test.I2CTests.I2CBitRateTest" executed="True" result="Success" success="True" time="0.390" asserts="10255" />
              <test-case name="iSensor_FX3_Test.I2CTests.I2CModeSwitchingTest" executed="True" result="Success" success="True" time="0.008" asserts="0" />
              <test-case name="iSensor_FX3_Test.I2CTests.I2CReadTest" executed="True" result="Success" success="True" time="0.410" asserts="16256" />
              <test-case name="iSensor_FX3_Test.I2CTests.I2CRetryTest" executed="True" result="Success" success="True" time="0.015" asserts="2" />
              <test-case name="iSensor_FX3_Test.I2CTests.I2CStreamCancelTest" executed="True" result="Success" success="True" time="1.488" asserts="650" />
              <test-case name="iSensor_FX3_Test.I2CTests.I2CStreamTest" executed="True" result="Success" success="True" time="3.390" asserts="320064" />
              <test-case name="iSensor_FX3_Test.I2CTests.I2CWriteTest" executed="True" result="Success" success="True" time="0.008" asserts="0" />
            </results>
          </test-suite>
          <test-suite type="TestFixture" name="PinTests" executed="True" result="Success" success="True" time="185.220" asserts="1">
            <results>
              <test-case name="iSensor_FX3_Test.PinTests.DrPinTest" executed="True" result="Success" success="True" time="0.014" asserts="8" />
              <test-case name="iSensor_FX3_Test.PinTests.GetTimerValueTest" executed="True" result="Success" success="True" time="8.041" asserts="47" />
              <test-case name="iSensor_FX3_Test.PinTests.MeasureBusyPulseTest" executed="True" result="Success" success="True" time="24.286" asserts="4096" />
              <test-case name="iSensor_FX3_Test.PinTests.PinFreqMeasureTest" executed="True" result="Success" success="True" time="84.859" asserts="794" />
              <test-case name="iSensor_FX3_Test.PinTests.PinFunctionTimeoutTest" executed="True" result="Success" success="True" time="14.464" asserts="112" />
              <test-case name="iSensor_FX3_Test.PinTests.PWMGenerationTest" executed="True" result="Success" success="True" time="44.642" asserts="4032" />
              <test-case name="iSensor_FX3_Test.PinTests.PWMPinInfoTest" executed="True" result="Success" success="True" time="0.109" asserts="518" />
              <test-case name="iSensor_FX3_Test.PinTests.ResistorConfigurationTest" executed="True" result="Success" success="True" time="0.796" asserts="160" />
              <test-case name="iSensor_FX3_Test.PinTests.SetReadPinTest" executed="True" result="Success" success="True" time="0.323" asserts="400" />
            </results>
          </test-suite>
          <test-suite type="TestFixture" name="SpiTests" executed="True" result="Success" success="True" time="156.611" asserts="1">
            <results>
              <test-case name="iSensor_FX3_Test.SpiTests.ADcmXLStreamCancelTest" executed="True" result="Success" success="True" time="1.550" asserts="30" />
              <test-case name="iSensor_FX3_Test.SpiTests.BitBangSpiFreqTest" executed="True" result="Success" success="True" time="26.778" asserts="32" />
              <test-case name="iSensor_FX3_Test.SpiTests.BitBangSpiStallTimeTest" executed="True" result="Success" success="True" time="28.648" asserts="46" />
              <test-case name="iSensor_FX3_Test.SpiTests.BitBangSpiTest" executed="True" result="Success" success="True" time="0.321" asserts="4290" />
              <test-case name="iSensor_FX3_Test.SpiTests.BurstSpiTest" executed="True" result="Success" success="True" time="55.468" asserts="237798" />
              <test-case name="iSensor_FX3_Test.SpiTests.BurstStreamCancelTest" executed="True" result="Success" success="True" time="1.548" asserts="30" />
              <test-case name="iSensor_FX3_Test.SpiTests.GenericStreamCancelTest" executed="True" result="Success" success="True" time="1.592" asserts="30" />
              <test-case name="iSensor_FX3_Test.SpiTests.IRegInterfaceTest" executed="True" result="Success" success="True" time="0.010" asserts="0" />
              <test-case name="iSensor_FX3_Test.SpiTests.SclkFrequencyTest" executed="True" result="Success" success="True" time="2.400" asserts="5973" />
              <test-case name="iSensor_FX3_Test.SpiTests.SpiParametersTest" executed="True" result="Success" success="True" time="0.036" asserts="57" />
              <test-case name="iSensor_FX3_Test.SpiTests.SpiStallTimeTest" executed="True" result="Success" success="True" time="25.939" asserts="88" />
              <test-case name="iSensor_FX3_Test.SpiTests.SpiTransferTest" executed="True" result="Success" success="True" time="2.746" asserts="92238" />
              <test-case name="iSensor_FX3_Test.SpiTests.TransferStreamCancelTest" executed="True" result="Success" success="True" time="1.581" asserts="30" />
            </results>
          </test-suite>
        </results>
      </test-suite>
    </results>
  </test-suite>
</test-results>